[ERROR] | 03-10-2022 01:44 | pid: 13468: error agregando usersV3: MongoServerError: E11000 duplicate key error collection: db.usersv3 index: username_1 dup key: { username: "Nuevo" }
[ERROR] | 03-10-2022 01:50 | pid: 10248: self signed certificate in certificate chain
[ERROR] | 03-10-2022 02:06 | pid: 14212: self signed certificate in certificate chain
[ERROR] | 03-10-2022 02:11 | pid: 11708: self signed certificate in certificate chain
[ERROR] | 03-10-2022 02:40 | pid: 11716: Se produjo un error al agregar el producto Error [ERR_HTTP_HEADERS_SENT]: Cannot set headers after they are sent to the client
[ERROR] | 03-10-2022 02:42 | pid: 13908: Se produjo un error al agregar el producto Error [ERR_HTTP_HEADERS_SENT]: Cannot set headers after they are sent to the client
[ERROR] | 03-10-2022 02:47 | pid: 3668: Se produjo un error al agregar el producto Error [ERR_HTTP_HEADERS_SENT]: Cannot set headers after they are sent to the client
[ERROR] | 03-10-2022 02:49 | pid: 14040: Se produjo un error al agregar el producto Error [ERR_HTTP_HEADERS_SENT]: Cannot set headers after they are sent to the client
[ERROR] | 03-10-2022 02:50 | pid: 14040: Se produjo un error al agregar el producto Error [ERR_HTTP_HEADERS_SENT]: Cannot set headers after they are sent to the client
[ERROR] | 03-10-2022 02:50 | pid: 10148: self signed certificate in certificate chain
[ERROR] | 05-10-2022 01:42 | pid: 6488: Error desconectando la base de datos
[ERROR] | 05-10-2022 01:43 | pid: 11224: Error desconectando la base de datos
[ERROR] | 05-10-2022 01:52 | pid: 9608: self signed certificate in certificate chain
[ERROR] | 05-10-2022 02:09 | pid: 11808: Se produjo un error al obtener los productos TypeError: Cannot read properties of undefined (reading 'username')
[ERROR] | 05-10-2022 02:17 | pid: 7188: Se produjo un error al obtener los productos TypeError: Cannot read properties of undefined (reading 'username')
[ERROR] | 05-10-2022 02:35 | pid: 7732: Hubo un error en Passport mong is not defined
[ERROR] | 05-10-2022 02:36 | pid: 7036: Hubo un error en Passport MongoClient.connect is not a function
[ERROR] | 05-10-2022 02:36 | pid: 8724: Hubo un error en Passport mongooseconnect is not defined
[ERROR] | 05-10-2022 02:39 | pid: 9692: Hubo un error en Passport mongooseconnect is not defined
[ERROR] | 05-10-2022 02:48 | pid: 12888: Error en Client must be connected before running operations
[ERROR] | 05-10-2022 02:48 | pid: 12888: Error en Client must be connected before running operations
[ERROR] | 05-10-2022 02:49 | pid: 12776: Error en Client must be connected before running operations
[ERROR] | 05-10-2022 02:58 | pid: 7804: Se produjo un error al agregar el producto MongoNotConnectedError: Client must be connected before running operations
[ERROR] | 05-10-2022 02:59 | pid: 14300: Se produjo un error al agregar el producto MongoNotConnectedError: Client must be connected before running operations
[ERROR] | 05-10-2022 03:01 | pid: 14768: self signed certificate in certificate chain
[ERROR] | 05-10-2022 03:03 | pid: 10256: Se produjo un error al agregar el producto MongoNotConnectedError: Client must be connected before running operations
[ERROR] | 05-10-2022 03:11 | pid: 9280: Se produjo un error al agregar el producto TypeError: Cannot read properties of undefined (reading 'push')
[ERROR] | 05-10-2022 03:12 | pid: 9280: Se produjo un error al agregar el producto MongoNotConnectedError: Client must be connected before running operations
[ERROR] | 05-10-2022 03:14 | pid: 14744: Se produjo un error al agregar el producto MongoNotConnectedError: Client must be connected before running operations
[ERROR] | 05-10-2022 03:17 | pid: 7836: Se produjo un error al agregar el producto MongoNotConnectedError: Client must be connected before running operations
[ERROR] | 05-10-2022 03:18 | pid: 14736: self signed certificate in certificate chain
[ERROR] | 05-10-2022 03:21 | pid: 14736: Se produjo un error al agregar el producto TypeError: Cannot read properties of undefined (reading 'push')
[ERROR] | 06-10-2022 22:34 | pid: 9684: Se produjo un error al obtener los productos ReferenceError: Cannot access 'userDTO' before initialization
[ERROR] | 06-10-2022 22:34 | pid: 10736: Se produjo un error al obtener los productos ReferenceError: Cannot access 'userDTO' before initialization
[ERROR] | 06-10-2022 22:35 | pid: 10380: error in getting cartv3: MongoNotConnectedError: Client must be connected before running operations
[ERROR] | 06-10-2022 22:35 | pid: 10380: Se produjo un error al obtener los productos TypeError: Cannot read properties of undefined (reading 'productos')
[ERROR] | 06-10-2022 22:45 | pid: 14448: Se produjo un error al obtener los productos ReferenceError: UserDTO is not defined
[ERROR] | 06-10-2022 22:48 | pid: 13204: Se produjo un error al obtener los productos ReferenceError: allUsers is not defined
[ERROR] | 06-10-2022 22:51 | pid: 11920: Se produjo un error al obtener los productos ReferenceError: UserDTO is not defined
[ERROR] | 06-10-2022 22:54 | pid: 9640: Se produjo un error al obtener los productos TypeError: usersModel.getll is not a function
[ERROR] | 06-10-2022 22:55 | pid: 8824: Se produjo un error al obtener los productos TypeError: usersModel.getll is not a function
[ERROR] | 06-10-2022 23:03 | pid: 8104: Se produjo un error al obtener los productos TypeError: Class constructor UserDTO cannot be invoked without 'new'
[ERROR] | 06-10-2022 23:03 | pid: 12008: error in getting cartv3: MongoNotConnectedError: Client must be connected before running operations
[ERROR] | 06-10-2022 23:03 | pid: 12008: Se produjo un error al obtener los productos TypeError: Cannot read properties of undefined (reading 'productos')
[ERROR] | 06-10-2022 23:03 | pid: 12008: Se produjo un error al obtener los productos TypeError: Cannot convert undefined or null to object
[ERROR] | 06-10-2022 23:06 | pid: 14736: Se produjo un error al obtener los productos TypeError: Cannot convert undefined or null to object
[ERROR] | 06-10-2022 23:10 | pid: 6404: Se produjo un error al obtener los productos ReferenceError: carts is not defined
[ERROR] | 06-10-2022 23:13 | pid: 12600: Se produjo un error al obtener los productos ReferenceError: cart is not defined
[ERROR] | 06-10-2022 23:14 | pid: 11244: Se produjo un error al obtener los productos TypeError: Object.entries is not iterable
[ERROR] | 06-10-2022 23:18 | pid: 7272: Se produjo un error al obtener los productos TypeError: Object.entries is not iterable
[ERROR] | 06-10-2022 23:19 | pid: 14444: Se produjo un error al obtener los productos TypeError: Cannot convert undefined or null to object
[ERROR] | 06-10-2022 23:20 | pid: 14444: Se produjo un error al obtener los productos TypeError: Cannot convert undefined or null to object
[ERROR] | 06-10-2022 23:22 | pid: 15664: Se produjo un error al obtener los productos TypeError: Cannot read properties of undefined (reading 'username')
[ERROR] | 06-10-2022 23:23 | pid: 2712: Se produjo un error al obtener los productos TypeError: Cannot read properties of undefined (reading 'username')
[ERROR] | 06-10-2022 23:23 | pid: 2712: Se produjo un error al obtener los productos TypeError: Cannot read properties of undefined (reading 'username')
[ERROR] | 06-10-2022 23:25 | pid: 6668: Se produjo un error al obtener los productos TypeError: data is not iterable
[ERROR] | 06-10-2022 23:26 | pid: 7488: Se produjo un error al obtener los productos TypeError: object is not iterable (cannot read property Symbol(Symbol.iterator))
[ERROR] | 06-10-2022 23:28 | pid: 12508: Se produjo un error al obtener los productos ReferenceError: userInfo is not defined
[ERROR] | 06-10-2022 23:36 | pid: 12432: Se produjo un error al obtener los productos ReferenceError: userInfo is not defined
[ERROR] | 06-10-2022 23:36 | pid: 15600: Se produjo un error al obtener los productos ReferenceError: userInfo is not defined
[ERROR] | 06-10-2022 23:37 | pid: 8884: Se produjo un error al obtener los productos ReferenceError: userInfo is not defined
[ERROR] | 06-10-2022 23:38 | pid: 4416: self signed certificate in certificate chain
[ERROR] | 06-10-2022 23:42 | pid: 11220: Se produjo un error al traer el carrito ReferenceError: userDTO is not defined
